<?xml version="1.0" encoding="UTF-8"?>
<testsuite xmlns:xsi="http://www.w3.org/2001/XMLSchema-instance" xsi:noNamespaceSchemaLocation="https://maven.apache.org/surefire/maven-surefire-plugin/xsd/surefire-test-report.xsd" name="TestGestionBiblioteca" time="0.05" tests="25" errors="0" skipped="0" failures="0">
  <properties>
[...]
</properties>
  <testcase name="testObtenerLibrosNuncaEsNull" classname="TestGestionBiblioteca" time="0.004"/>
  <testcase name="testLibroNoDisponible" classname="TestGestionBiblioteca" time="0"/>
  <testcase name="testCalcularPrecioDescuento100" classname="TestGestionBiblioteca" time="0"/>
  <testcase name="testLibroDisponibleDespuesDeAgregar" classname="TestGestionBiblioteca" time="0"/>
  <testcase name="testObtenerLibrosVacioInicial" classname="TestGestionBiblioteca" time="0"/>
  <testcase name="testObtenerLibrosDespuesDeAgregar" classname="TestGestionBiblioteca" time="0.001"/>
  <testcase name="testAgregarLibroDuplicado" classname="TestGestionBiblioteca" time="0"/>
  <testcase name="testLibroCadenaVaciaNoDisponible" classname="TestGestionBiblioteca" time="0"/>
  <testcase name="testCategoriaValoresLimite" classname="TestGestionBiblioteca" time="0"/>
  <testcase name="testCategoriaPrincipiante" classname="TestGestionBiblioteca" time="0"/>
  <testcase name="testCalcularPrecioSinDescuento" classname="TestGestionBiblioteca" time="0"/>
  <testcase name="testCalcularPrecioPrecioNegativo" classname="TestGestionBiblioteca" time="0.001"/>
  <testcase name="testAgregarLibroNull" classname="TestGestionBiblioteca" time="0"/>
  <testcase name="testCategoriaConNumeroNegativo" classname="TestGestionBiblioteca" time="0"/>
  <testcase name="testAgregarLibroCadenaVacia" classname="TestGestionBiblioteca" time="0.001"/>
  <testcase name="testCalcularPrecioDescuentoInvalido" classname="TestGestionBiblioteca" time="0"/>
  <testcase name="testCategoriaIntermedio" classname="TestGestionBiblioteca" time="0"/>
  <testcase name="testCategoriaExperto" classname="TestGestionBiblioteca" time="0.001"/>
  <testcase name="testCalcularPrecioConDescuento50" classname="TestGestionBiblioteca" time="0"/>
  <testcase name="testAgregarLibroConEspacios" classname="TestGestionBiblioteca" time="0"/>
  <testcase name="testCategoriaAvanzado" classname="TestGestionBiblioteca" time="0"/>
  <testcase name="testObtenerLibrosRetornaCopia" classname="TestGestionBiblioteca" time="0.001"/>
  <testcase name="testFlujoCompletoGestionBiblioteca" classname="TestGestionBiblioteca" time="0"/>
  <testcase name="testLibroNullNoDisponible" classname="TestGestionBiblioteca" time="0"/>
  <testcase name="testAgregarLibroExitoso" classname="TestGestionBiblioteca" time="0"/>
</testsuite>